[debug] [2021-07-01T04:56:43.896Z] ----------------------------------------------------------------------
[debug] [2021-07-01T04:56:43.905Z] Command:       C:\Program Files\nodejs\node.exe C:\Users\Suri's\AppData\Roaming\npm\node_modules\firebase-tools\lib\bin\firebase.js emulators:start
[debug] [2021-07-01T04:56:43.907Z] CLI Version:   9.0.1
[debug] [2021-07-01T04:56:43.908Z] Platform:      win32
[debug] [2021-07-01T04:56:43.908Z] Node Version:  v10.15.3
[debug] [2021-07-01T04:56:43.912Z] Time:          Thu Jul 01 2021 10:26:43 GMT+0530 (India Standard Time)
[debug] [2021-07-01T04:56:43.912Z] ----------------------------------------------------------------------
[debug] [2021-07-01T04:56:43.913Z] 
[debug] [2021-07-01T04:56:43.926Z] >>> [apiv2][query] GET https://firebase-public.firebaseio.com/cli.json [none]
[debug] [2021-07-01T04:56:43.996Z] > command requires scopes: ["email","openid","https://www.googleapis.com/auth/cloudplatformprojects.readonly","https://www.googleapis.com/auth/firebase","https://www.googleapis.com/auth/cloud-platform"]
[debug] [2021-07-01T04:56:43.997Z] > authorizing via signed-in user
[info] i  emulators: Starting emulators: functions, hosting {"metadata":{"emulator":{"name":"hub"},"message":"Starting emulators: functions, hosting"}}
[debug] [2021-07-01T04:56:45.084Z] <<< [apiv2][status] GET https://firebase-public.firebaseio.com/cli.json 200
[debug] [2021-07-01T04:56:45.085Z] <<< [apiv2][body] GET https://firebase-public.firebaseio.com/cli.json {"cloudBuildErrorAfter":1594252800000,"cloudBuildWarnAfter":1590019200000,"defaultNode10After":1594252800000,"minVersion":"3.0.5","node8DeploysDisabledAfter":1613390400000,"node8RuntimeDisabledAfter":1615809600000,"node8WarnAfter":1600128000000}
[debug] [2021-07-01T04:56:46.082Z] [hub] writing locator at C:\Users\Suri's\AppData\Local\Temp\hub-clone-a78b1.json
[warn] !  functions: The following emulators are not running, calls to these services from the Functions emulator will affect production: auth, firestore, database, pubsub {"metadata":{"emulator":{"name":"functions"},"message":"The following emulators are not running, calls to these services from the Functions emulator will affect production: \u001b[1mauth, firestore, database, pubsub\u001b[22m"}}
[warn] !  Your requested "node" version "12" doesn't match your global version "10" {"metadata":{"emulator":{"name":"functions"},"message":"Your requested \"node\" version \"12\" doesn't match your global version \"10\""}}
[debug] [2021-07-01T04:56:48.162Z] defaultcredentials: writing to file C:\Users\Suri's\AppData\Roaming\firebase\gudzsuri_gmail_com_application_default_credentials.json
[debug] [2021-07-01T04:56:48.171Z] Setting GAC to C:\Users\Suri's\AppData\Roaming\firebase\gudzsuri_gmail_com_application_default_credentials.json {"metadata":{"emulator":{"name":"functions"},"message":"Setting GAC to C:\\Users\\Suri's\\AppData\\Roaming\\firebase\\gudzsuri_gmail_com_application_default_credentials.json"}}
[debug] [2021-07-01T04:56:50.223Z] > refreshing access token with scopes: ["email","https://www.googleapis.com/auth/cloud-platform","https://www.googleapis.com/auth/cloudplatformprojects.readonly","https://www.googleapis.com/auth/firebase","openid"]
[debug] [2021-07-01T04:56:50.225Z] >>> HTTP REQUEST POST https://www.googleapis.com/oauth2/v3/token  
 <request body omitted>
[debug] [2021-07-01T04:56:50.471Z] <<< HTTP RESPONSE 400 {"date":"Thu, 01 Jul 2021 04:56:50 GMT","pragma":"no-cache","cache-control":"no-cache, no-store, max-age=0, must-revalidate","expires":"Mon, 01 Jan 1990 00:00:00 GMT","content-type":"application/json; charset=utf-8","vary":"X-Origin, Referer, Origin,Accept-Encoding","server":"scaffolding on HTTPServer2","x-xss-protection":"0","x-frame-options":"SAMEORIGIN","x-content-type-options":"nosniff","alt-svc":"h3=\":443\"; ma=2592000,h3-29=\":443\"; ma=2592000,h3-T051=\":443\"; ma=2592000,h3-Q050=\":443\"; ma=2592000,h3-Q046=\":443\"; ma=2592000,h3-Q043=\":443\"; ma=2592000,quic=\":443\"; ma=2592000; v=\"46,43\"","accept-ranges":"none","transfer-encoding":"chunked"}
[debug] [2021-07-01T04:56:50.473Z] >>> HTTP REQUEST GET https://firebase.googleapis.com/v1beta1/projects/clone-a78b1/webApps/-/config  
 
[debug] [2021-07-01T04:56:50.712Z] <<< HTTP RESPONSE 401 {"www-authenticate":"Bearer realm=\"https://accounts.google.com/\", error=\"invalid_token\"","vary":"X-Origin, Referer, Origin,Accept-Encoding","content-type":"application/json; charset=UTF-8","date":"Thu, 01 Jul 2021 04:56:50 GMT","server":"ESF","cache-control":"private","x-xss-protection":"0","x-frame-options":"SAMEORIGIN","x-content-type-options":"nosniff","alt-svc":"h3=\":443\"; ma=2592000,h3-29=\":443\"; ma=2592000,h3-T051=\":443\"; ma=2592000,h3-Q050=\":443\"; ma=2592000,h3-Q046=\":443\"; ma=2592000,h3-Q043=\":443\"; ma=2592000,quic=\":443\"; ma=2592000; v=\"46,43\"","accept-ranges":"none","transfer-encoding":"chunked"}
[debug] [2021-07-01T04:56:50.713Z] <<< HTTP RESPONSE BODY {"error":{"code":401,"message":"Request had invalid authentication credentials. Expected OAuth 2 access token, login cookie or other valid authentication credential. See https://developers.google.com/identity/sign-in/web/devconsole-project.","status":"UNAUTHENTICATED"}}
[debug] [2021-07-01T04:56:50.724Z] fetchWebSetup error: FirebaseError: HTTP Error: 401, Request had invalid authentication credentials. Expected OAuth 2 access token, login cookie or other valid authentication credential. See https://developers.google.com/identity/sign-in/web/devconsole-project.
[warn] !  hosting: Using web app configuration from cache. 
[info] i  hosting: Serving hosting files from: build {"metadata":{"emulator":{"name":"hosting"},"message":"Serving hosting files from: \u001b[1mbuild\u001b[22m"}}
[info] +  hosting: Local server: http://localhost:5000 {"metadata":{"emulator":{"name":"hosting"},"message":"Local server: \u001b[4m\u001b[1mhttp://localhost:5000\u001b[22m\u001b[24m"}}
[info] i  ui: downloading ui-v1.4.0.zip... {"metadata":{"emulator":{"name":"ui"},"message":"downloading ui-v1.4.0.zip..."}}
[debug] [2021-07-01T04:56:54.932Z] >>> [apiv2][query] GET https://storage.googleapis.com/firebase-preview-drop/emulator/ui-v1.4.0.zip [none]
[debug] [2021-07-01T04:56:55.371Z] <<< [apiv2][status] GET https://storage.googleapis.com/firebase-preview-drop/emulator/ui-v1.4.0.zip 200
[debug] [2021-07-01T04:56:55.372Z] <<< [apiv2][body] GET https://storage.googleapis.com/firebase-preview-drop/emulator/ui-v1.4.0.zip [stream]
[info] i  ui: Removing outdated emulator files: ui-v1.3.0 {"metadata":{"emulator":{"name":"ui"},"message":"Removing outdated emulator files: ui-v1.3.0"}}
[info] i  ui: Removing outdated emulator files: ui-v1.3.0.zip {"metadata":{"emulator":{"name":"ui"},"message":"Removing outdated emulator files: ui-v1.3.0.zip"}}
[debug] [2021-07-01T04:56:56.516Z] Ignoring unsupported arg: auto_download {"metadata":{"emulator":{"name":"ui"},"message":"Ignoring unsupported arg: auto_download"}}
[debug] [2021-07-01T04:56:56.516Z] Ignoring unsupported arg: port {"metadata":{"emulator":{"name":"ui"},"message":"Ignoring unsupported arg: port"}}
[debug] [2021-07-01T04:56:56.516Z] Starting Emulator UI with command {"binary":"node","args":["C:\\Users\\Suri's\\.cache\\firebase\\emulators\\ui-v1.4.0\\server.bundle.js"],"optionalArgs":[],"joinArgs":false} {"metadata":{"emulator":{"name":"ui"},"message":"Starting Emulator UI with command {\"binary\":\"node\",\"args\":[\"C:\\\\Users\\\\Suri's\\\\.cache\\\\firebase\\\\emulators\\\\ui-v1.4.0\\\\server.bundle.js\"],\"optionalArgs\":[],\"joinArgs\":false}"}}
[info] i  ui: Emulator UI logging to ui-debug.log {"metadata":{"emulator":{"name":"ui"},"message":"Emulator UI logging to \u001b[1mui-debug.log\u001b[22m"}}
[debug] [2021-07-01T04:56:56.743Z] Web / API server started at http://localhost:4000
 {"metadata":{"emulator":{"name":"ui"},"message":"Web / API server started at http://localhost:4000\n"}}
[info] i  functions: Watching "D:\pitronix website\pitronix\functions" for Cloud Functions... {"metadata":{"emulator":{"name":"functions"},"message":"Watching \"D:\\pitronix website\\pitronix\\functions\" for Cloud Functions..."}}
[debug] [2021-07-01T04:56:57.054Z] [worker-pool] addWorker(~diagnostic~) {"metadata":{"emulator":{"name":"functions"},"message":"[worker-pool] addWorker(~diagnostic~)"}}
[debug] [2021-07-01T04:56:57.054Z] [worker-pool] Adding worker with key ~diagnostic~, total=1 {"metadata":{"emulator":{"name":"functions"},"message":"[worker-pool] Adding worker with key ~diagnostic~, total=1"}}
[debug] [2021-07-01T04:56:57.055Z] [worker-pool] submitWork(triggerId=) {"metadata":{"emulator":{"name":"functions"},"message":"[worker-pool] submitWork(triggerId=)"}}
[debug] [2021-07-01T04:56:57.055Z] [worker-~diagnostic~-6e199b85-1f03-4fb6-adcc-cc8b7665894c]: Assigning socketPath: \\?\pipe\D:\pitronix website\pitronix\functions\3740 {"metadata":{"emulator":{"name":"functions"},"message":"[worker-~diagnostic~-6e199b85-1f03-4fb6-adcc-cc8b7665894c]: Assigning socketPath: \\\\?\\pipe\\D:\\pitronix website\\pitronix\\functions\\3740"}}
[debug] [2021-07-01T04:56:57.056Z] [worker-~diagnostic~-6e199b85-1f03-4fb6-adcc-cc8b7665894c]: BUSY {"metadata":{"emulator":{"name":"functions"},"message":"[worker-~diagnostic~-6e199b85-1f03-4fb6-adcc-cc8b7665894c]: BUSY"}}
[debug] [2021-07-01T04:56:57.418Z] [runtime-status] [3740] Functions runtime initialized. {"cwd":"D:\\pitronix website\\pitronix\\functions","node_version":"10.15.3"} {"metadata":{"emulator":{"name":"functions"},"message":"[runtime-status] [3740] Functions runtime initialized. {\"cwd\":\"D:\\\\pitronix website\\\\pitronix\\\\functions\",\"node_version\":\"10.15.3\"}"}}
[debug] [2021-07-01T04:56:57.420Z] [runtime-status] [3740] Disabled runtime features: undefined {"metadata":{"emulator":{"name":"functions"},"message":"[runtime-status] [3740] Disabled runtime features: undefined"}}
[debug] [2021-07-01T04:56:57.425Z] [runtime-status] [3740] Resolved module firebase-admin {"declared":true,"installed":true,"version":"9.4.2","resolution":"D:\\pitronix website\\pitronix\\functions\\node_modules\\firebase-admin\\lib\\index.js"} {"metadata":{"emulator":{"name":"functions"},"message":"[runtime-status] [3740] Resolved module firebase-admin {\"declared\":true,\"installed\":true,\"version\":\"9.4.2\",\"resolution\":\"D:\\\\pitronix website\\\\pitronix\\\\functions\\\\node_modules\\\\firebase-admin\\\\lib\\\\index.js\"}"}}
[debug] [2021-07-01T04:56:57.427Z] [runtime-status] [3740] Resolved module firebase-functions {"declared":true,"installed":true,"version":"3.13.0","resolution":"D:\\pitronix website\\pitronix\\functions\\node_modules\\firebase-functions\\lib\\index.js"} {"metadata":{"emulator":{"name":"functions"},"message":"[runtime-status] [3740] Resolved module firebase-functions {\"declared\":true,\"installed\":true,\"version\":\"3.13.0\",\"resolution\":\"D:\\\\pitronix website\\\\pitronix\\\\functions\\\\node_modules\\\\firebase-functions\\\\lib\\\\index.js\"}"}}
[debug] [2021-07-01T04:56:57.428Z] [runtime-status] [3740] Resolved module firebase-functions {"declared":true,"installed":true,"version":"3.13.0","resolution":"D:\\pitronix website\\pitronix\\functions\\node_modules\\firebase-functions\\lib\\index.js"} {"metadata":{"emulator":{"name":"functions"},"message":"[runtime-status] [3740] Resolved module firebase-functions {\"declared\":true,\"installed\":true,\"version\":\"3.13.0\",\"resolution\":\"D:\\\\pitronix website\\\\pitronix\\\\functions\\\\node_modules\\\\firebase-functions\\\\lib\\\\index.js\"}"}}
[debug] [2021-07-01T04:56:57.433Z] [runtime-status] [3740] Outgoing network have been stubbed. [{"name":"http","status":"mocked"},{"name":"http","status":"mocked"},{"name":"https","status":"mocked"},{"name":"https","status":"mocked"},{"name":"net","status":"mocked"}] {"metadata":{"emulator":{"name":"functions"},"message":"[runtime-status] [3740] Outgoing network have been stubbed. [{\"name\":\"http\",\"status\":\"mocked\"},{\"name\":\"http\",\"status\":\"mocked\"},{\"name\":\"https\",\"status\":\"mocked\"},{\"name\":\"https\",\"status\":\"mocked\"},{\"name\":\"net\",\"status\":\"mocked\"}]"}}
[debug] [2021-07-01T04:56:57.434Z] [runtime-status] [3740] Resolved module firebase-functions {"declared":true,"installed":true,"version":"3.13.0","resolution":"D:\\pitronix website\\pitronix\\functions\\node_modules\\firebase-functions\\lib\\index.js"} {"metadata":{"emulator":{"name":"functions"},"message":"[runtime-status] [3740] Resolved module firebase-functions {\"declared\":true,\"installed\":true,\"version\":\"3.13.0\",\"resolution\":\"D:\\\\pitronix website\\\\pitronix\\\\functions\\\\node_modules\\\\firebase-functions\\\\lib\\\\index.js\"}"}}
[debug] [2021-07-01T04:56:57.621Z] [runtime-status] [3740] Checked functions.config() {"config":{}} {"metadata":{"emulator":{"name":"functions"},"message":"[runtime-status] [3740] Checked functions.config() {\"config\":{}}"}}
[debug] [2021-07-01T04:56:57.622Z] [runtime-status] [3740] firebase-functions has been stubbed. {"functionsResolution":{"declared":true,"installed":true,"version":"3.13.0","resolution":"D:\\pitronix website\\pitronix\\functions\\node_modules\\firebase-functions\\lib\\index.js"}} {"metadata":{"emulator":{"name":"functions"},"message":"[runtime-status] [3740] firebase-functions has been stubbed. {\"functionsResolution\":{\"declared\":true,\"installed\":true,\"version\":\"3.13.0\",\"resolution\":\"D:\\\\pitronix website\\\\pitronix\\\\functions\\\\node_modules\\\\firebase-functions\\\\lib\\\\index.js\"}}"}}
[debug] [2021-07-01T04:56:57.624Z] [runtime-status] [3740] Resolved module firebase-functions {"declared":true,"installed":true,"version":"3.13.0","resolution":"D:\\pitronix website\\pitronix\\functions\\node_modules\\firebase-functions\\lib\\index.js"} {"metadata":{"emulator":{"name":"functions"},"message":"[runtime-status] [3740] Resolved module firebase-functions {\"declared\":true,\"installed\":true,\"version\":\"3.13.0\",\"resolution\":\"D:\\\\pitronix website\\\\pitronix\\\\functions\\\\node_modules\\\\firebase-functions\\\\lib\\\\index.js\"}"}}
[debug] [2021-07-01T04:56:57.630Z] [runtime-status] [3740] Resolved module firebase-admin {"declared":true,"installed":true,"version":"9.4.2","resolution":"D:\\pitronix website\\pitronix\\functions\\node_modules\\firebase-admin\\lib\\index.js"} {"metadata":{"emulator":{"name":"functions"},"message":"[runtime-status] [3740] Resolved module firebase-admin {\"declared\":true,\"installed\":true,\"version\":\"9.4.2\",\"resolution\":\"D:\\\\pitronix website\\\\pitronix\\\\functions\\\\node_modules\\\\firebase-admin\\\\lib\\\\index.js\"}"}}
[debug] [2021-07-01T04:56:57.631Z] [runtime-status] [3740] Resolved module firebase-functions {"declared":true,"installed":true,"version":"3.13.0","resolution":"D:\\pitronix website\\pitronix\\functions\\node_modules\\firebase-functions\\lib\\index.js"} {"metadata":{"emulator":{"name":"functions"},"message":"[runtime-status] [3740] Resolved module firebase-functions {\"declared\":true,\"installed\":true,\"version\":\"3.13.0\",\"resolution\":\"D:\\\\pitronix website\\\\pitronix\\\\functions\\\\node_modules\\\\firebase-functions\\\\lib\\\\index.js\"}"}}
[debug] [2021-07-01T04:56:57.631Z] [runtime-status] [3740] firebase-admin has been stubbed. {"adminResolution":{"declared":true,"installed":true,"version":"9.4.2","resolution":"D:\\pitronix website\\pitronix\\functions\\node_modules\\firebase-admin\\lib\\index.js"}} {"metadata":{"emulator":{"name":"functions"},"message":"[runtime-status] [3740] firebase-admin has been stubbed. {\"adminResolution\":{\"declared\":true,\"installed\":true,\"version\":\"9.4.2\",\"resolution\":\"D:\\\\pitronix website\\\\pitronix\\\\functions\\\\node_modules\\\\firebase-admin\\\\lib\\\\index.js\"}}"}}
[info] +  functions[api]: http function initialized (http://localhost:5001/clone-a78b1/us-central1/api). {"metadata":{"emulator":{"name":"functions"},"message":"\u001b[1mhttp\u001b[22m function initialized (http://localhost:5001/clone-a78b1/us-central1/api)."}}
[info] 
┌─────────────────────────────────────────────────────────────┐
│ ✔  All emulators ready! It is now safe to connect your app. │
│ i  View Emulator UI at http://localhost:4000                │
└─────────────────────────────────────────────────────────────┘

┌───────────┬────────────────┬─────────────────────────────────┐
│ Emulator  │ Host:Port      │ View in Emulator UI             │
├───────────┼────────────────┼─────────────────────────────────┤
│ Functions │ localhost:5001 │ http://localhost:4000/functions │
├───────────┼────────────────┼─────────────────────────────────┤
│ Hosting   │ localhost:5000 │ n/a                             │
└───────────┴────────────────┴─────────────────────────────────┘
  Emulator Hub running at localhost:4400
  Other reserved ports: 4500

Issues? Report them at https://github.com/firebase/firebase-tools/issues and attach the *-debug.log files.
 
[debug] [2021-07-01T04:56:58.253Z] [worker-~diagnostic~-6e199b85-1f03-4fb6-adcc-cc8b7665894c]: IDLE {"metadata":{"emulator":{"name":"functions"},"message":"[worker-~diagnostic~-6e199b85-1f03-4fb6-adcc-cc8b7665894c]: IDLE"}}
[debug] [2021-07-01T05:49:08.620Z] Received signal SIGHUP 1
